<?xml version="1.0" encoding="UTF-8"?>
<!-- Generated by org.testng.reporters.JUnitXMLReporter -->
<testsuite ignored="0" hostname="ATMECSINLT-382" failures="1" tests="2" name="Free CRM App Test Cases" time="12.682" errors="0" timestamp="02 Oct 2019 14:54:38 GMT">
  <testcase classname="com.TestScripts.TC_01" name="test" time="0.704"/>
  <testcase classname="com.TestScripts.TC_02" name="test" time="0.023">
    <failure type="java.lang.IllegalArgumentException" message="Keys to send should be a not null CharSequence">
      <![CDATA[java.lang.IllegalArgumentException: Keys to send should be a not null CharSequence
at org.openqa.selenium.remote.RemoteWebElement.sendKeys(RemoteWebElement.java:97)
at org.openqa.selenium.support.pagefactory.internal.LocatingElementHandler.invoke(LocatingElementHandler.java:51)
at com.sun.proxy.$Proxy13.sendKeys(Unknown Source)
at com.automation.pages.LoginPage.loginToApplication(LoginPage.java:30)
at com.TestScripts.TC_02.test(TC_02.java:25)
... Removed 29 stack frames]]>
    </failure>
  </testcase> <!-- test -->
</testsuite> <!-- Free CRM App Test Cases -->
