<?xml version="1.0" encoding="UTF-8"?>
<testng-results ignored="0" total="2" passed="1" failed="1" skipped="0">
  <reporter-output>
  </reporter-output>
  <suite started-at="2019-10-02T14:54:25Z" name="FREE CRM Application Test Automation Test Suite" finished-at="2019-10-02T14:54:38Z" duration-ms="12682">
    <groups>
    </groups>
    <test started-at="2019-10-02T14:54:25Z" name="Free CRM App Test Cases" finished-at="2019-10-02T14:54:38Z" duration-ms="12682">
      <class name="com.TestScripts.TC_02">
        <test-method is-config="true" signature="setUp()[pri:0, instance:com.TestScripts.TC_02@51e69659]" started-at="2019-10-02T14:54:32Z" name="setUp" finished-at="2019-10-02T14:54:38Z" duration-ms="5738" status="PASS">
          <reporter-output>
          </reporter-output>
        </test-method> <!-- setUp -->
        <test-method signature="test()[pri:0, instance:com.TestScripts.TC_02@51e69659]" started-at="2019-10-02T14:54:38Z" name="test" finished-at="2019-10-02T14:54:38Z" duration-ms="23" status="FAIL">
          <exception class="java.lang.IllegalArgumentException">
            <message>
              <![CDATA[Keys to send should be a not null CharSequence]]>
            </message>
            <full-stacktrace>
              <![CDATA[java.lang.IllegalArgumentException: Keys to send should be a not null CharSequence
at org.openqa.selenium.remote.RemoteWebElement.sendKeys(RemoteWebElement.java:97)
at java.base/jdk.internal.reflect.NativeMethodAccessorImpl.invoke0(Native Method)
at java.base/jdk.internal.reflect.NativeMethodAccessorImpl.invoke(Unknown Source)
at java.base/jdk.internal.reflect.DelegatingMethodAccessorImpl.invoke(Unknown Source)
at java.base/java.lang.reflect.Method.invoke(Unknown Source)
at org.openqa.selenium.support.pagefactory.internal.LocatingElementHandler.invoke(LocatingElementHandler.java:51)
at com.sun.proxy.$Proxy13.sendKeys(Unknown Source)
at com.automation.pages.LoginPage.loginToApplication(LoginPage.java:30)
at com.TestScripts.TC_02.test(TC_02.java:25)
at java.base/jdk.internal.reflect.NativeMethodAccessorImpl.invoke0(Native Method)
at java.base/jdk.internal.reflect.NativeMethodAccessorImpl.invoke(Unknown Source)
at java.base/jdk.internal.reflect.DelegatingMethodAccessorImpl.invoke(Unknown Source)
at java.base/java.lang.reflect.Method.invoke(Unknown Source)
at org.testng.internal.MethodInvocationHelper.invokeMethod(MethodInvocationHelper.java:124)
at org.testng.internal.Invoker.invokeMethod(Invoker.java:583)
at org.testng.internal.Invoker.invokeTestMethod(Invoker.java:719)
at org.testng.internal.Invoker.invokeTestMethods(Invoker.java:989)
at org.testng.internal.TestMethodWorker.invokeTestMethods(TestMethodWorker.java:125)
at org.testng.internal.TestMethodWorker.run(TestMethodWorker.java:109)
at org.testng.TestRunner.privateRun(TestRunner.java:648)
at org.testng.TestRunner.run(TestRunner.java:505)
at org.testng.SuiteRunner.runTest(SuiteRunner.java:455)
at org.testng.SuiteRunner.runSequentially(SuiteRunner.java:450)
at org.testng.SuiteRunner.privateRun(SuiteRunner.java:415)
at org.testng.SuiteRunner.run(SuiteRunner.java:364)
at org.testng.SuiteRunnerWorker.runSuite(SuiteRunnerWorker.java:52)
at org.testng.SuiteRunnerWorker.run(SuiteRunnerWorker.java:84)
at org.testng.TestNG.runSuitesSequentially(TestNG.java:1208)
at org.testng.TestNG.runSuitesLocally(TestNG.java:1137)
at org.testng.TestNG.runSuites(TestNG.java:1049)
at org.testng.TestNG.run(TestNG.java:1017)
at org.testng.remote.AbstractRemoteTestNG.run(AbstractRemoteTestNG.java:114)
at org.testng.remote.RemoteTestNG.initAndRun(RemoteTestNG.java:251)
at org.testng.remote.RemoteTestNG.main(RemoteTestNG.java:77)
]]>
            </full-stacktrace>
          </exception> <!-- java.lang.IllegalArgumentException -->
          <reporter-output>
          </reporter-output>
        </test-method> <!-- test -->
        <test-method is-config="true" signature="tearDown()[pri:0, instance:com.TestScripts.TC_02@51e69659]" started-at="2019-10-02T14:54:38Z" name="tearDown" finished-at="2019-10-02T14:54:38Z" duration-ms="183" status="PASS">
          <reporter-output>
          </reporter-output>
        </test-method> <!-- tearDown -->
      </class> <!-- com.TestScripts.TC_02 -->
      <class name="com.TestScripts.TC_01">
        <test-method is-config="true" signature="setUp()[pri:0, instance:com.TestScripts.TC_01@659499f1]" started-at="2019-10-02T14:54:25Z" name="setUp" finished-at="2019-10-02T14:54:31Z" duration-ms="5791" status="PASS">
          <reporter-output>
          </reporter-output>
        </test-method> <!-- setUp -->
        <test-method signature="test()[pri:0, instance:com.TestScripts.TC_01@659499f1]" started-at="2019-10-02T14:54:31Z" name="test" finished-at="2019-10-02T14:54:32Z" duration-ms="704" status="PASS">
          <reporter-output>
          </reporter-output>
        </test-method> <!-- test -->
        <test-method is-config="true" signature="tearDown()[pri:0, instance:com.TestScripts.TC_01@659499f1]" started-at="2019-10-02T14:54:32Z" name="tearDown" finished-at="2019-10-02T14:54:32Z" duration-ms="208" status="PASS">
          <reporter-output>
          </reporter-output>
        </test-method> <!-- tearDown -->
      </class> <!-- com.TestScripts.TC_01 -->
    </test> <!-- Free CRM App Test Cases -->
  </suite> <!-- FREE CRM Application Test Automation Test Suite -->
</testng-results>
